<?xml version="1.0" encoding="UTF-8"?>
<!-- Generated by org.testng.reporters.JUnitXMLReporter -->
<testsuite ignored="0" hostname="DESKTOP-D0B18MB" failures="0" tests="6" name="Test" time="0.082" errors="0" timestamp="2020-01-06T10:42:19 CST">
  <testcase classname="qaclickacademy.AppiumTest" name="IOApps" time="0.012"/>
  <testcase classname="qaclickacademy.AppiumTest" name="NativeAppAndroid" time="0.005"/>
  <testcase classname="qaclickacademy.RESTAPITest" name="deleteTwitter" time="0.001"/>
  <testcase classname="qaclickacademy.RESTAPITest" name="postJira" time="0.003"/>
  <testcase classname="qaclickacademy.selenium" name="BrowserAutomation" time="0.002"/>
  <testcase classname="qaclickacademy.selenium" name="ElementsUI" time="0.003"/>
</testsuite> <!-- Test -->
