<?xml version="1.0" encoding="UTF-8"?>
<testng-results ignored="0" total="2" passed="2" failed="0" skipped="0">
  <reporter-output>
  </reporter-output>
  <suite started-at="2020-01-06T10:43:19 CST" name="Suite" finished-at="2020-01-06T10:43:19 CST" duration-ms="47">
    <groups>
    </groups>
    <test started-at="2020-01-06T10:43:19 CST" name="Test" finished-at="2020-01-06T10:43:19 CST" duration-ms="47">
      <class name="qaclickacademy.AppiumTest">
        <test-method signature="IOApps()[pri:0, instance:qaclickacademy.AppiumTest@5b0abc94]" started-at="2020-01-06T10:43:19 CST" name="IOApps" finished-at="2020-01-06T10:43:19 CST" duration-ms="4" status="PASS">
          <reporter-output>
          </reporter-output>
        </test-method> <!-- IOApps -->
        <test-method signature="NativeAppAndroid()[pri:0, instance:qaclickacademy.AppiumTest@5b0abc94]" started-at="2020-01-06T10:43:19 CST" name="NativeAppAndroid" finished-at="2020-01-06T10:43:19 CST" duration-ms="1" status="PASS">
          <reporter-output>
          </reporter-output>
        </test-method> <!-- NativeAppAndroid -->
      </class> <!-- qaclickacademy.AppiumTest -->
    </test> <!-- Test -->
  </suite> <!-- Suite -->
</testng-results>
