<?xml version="1.0" encoding="UTF-8"?>
<testng-results ignored="0" total="6" passed="6" failed="0" skipped="0">
  <reporter-output>
  </reporter-output>
  <suite started-at="2020-01-06T10:42:19 CST" name="Suite" finished-at="2020-01-06T10:42:19 CST" duration-ms="82">
    <groups>
    </groups>
    <test started-at="2020-01-06T10:42:19 CST" name="Test" finished-at="2020-01-06T10:42:19 CST" duration-ms="82">
      <class name="qaclickacademy.AppiumTest">
        <test-method signature="IOApps()[pri:0, instance:qaclickacademy.AppiumTest@147ed70f]" started-at="2020-01-06T10:42:19 CST" name="IOApps" finished-at="2020-01-06T10:42:19 CST" duration-ms="12" status="PASS">
          <reporter-output>
          </reporter-output>
        </test-method> <!-- IOApps -->
        <test-method signature="NativeAppAndroid()[pri:0, instance:qaclickacademy.AppiumTest@147ed70f]" started-at="2020-01-06T10:42:19 CST" name="NativeAppAndroid" finished-at="2020-01-06T10:42:19 CST" duration-ms="5" status="PASS">
          <reporter-output>
          </reporter-output>
        </test-method> <!-- NativeAppAndroid -->
      </class> <!-- qaclickacademy.AppiumTest -->
      <class name="qaclickacademy.RESTAPITest">
        <test-method signature="deleteTwitter()[pri:0, instance:qaclickacademy.RESTAPITest@61dd025]" started-at="2020-01-06T10:42:19 CST" name="deleteTwitter" finished-at="2020-01-06T10:42:19 CST" duration-ms="1" status="PASS">
          <reporter-output>
          </reporter-output>
        </test-method> <!-- deleteTwitter -->
        <test-method signature="postJira()[pri:0, instance:qaclickacademy.RESTAPITest@61dd025]" started-at="2020-01-06T10:42:19 CST" name="postJira" finished-at="2020-01-06T10:42:19 CST" duration-ms="3" status="PASS">
          <reporter-output>
          </reporter-output>
        </test-method> <!-- postJira -->
      </class> <!-- qaclickacademy.RESTAPITest -->
      <class name="qaclickacademy.selenium">
        <test-method signature="BrowserAutomation()[pri:0, instance:qaclickacademy.selenium@124c278f]" started-at="2020-01-06T10:42:19 CST" name="BrowserAutomation" finished-at="2020-01-06T10:42:19 CST" duration-ms="2" status="PASS">
          <reporter-output>
          </reporter-output>
        </test-method> <!-- BrowserAutomation -->
        <test-method signature="ElementsUI()[pri:0, instance:qaclickacademy.selenium@124c278f]" started-at="2020-01-06T10:42:19 CST" name="ElementsUI" finished-at="2020-01-06T10:42:19 CST" duration-ms="3" status="PASS">
          <reporter-output>
          </reporter-output>
        </test-method> <!-- ElementsUI -->
      </class> <!-- qaclickacademy.selenium -->
    </test> <!-- Test -->
  </suite> <!-- Suite -->
</testng-results>
